<?xml version="1.0" encoding="UTF-8" ?>
<testsuites errors="0"
            failures="1"
            tests="1">

  <testsuite name="atlaslogin"
    errors="0" failures="1" hostname="" id="" package="atlaslogin" skipped="3"
    tests="1" time="10.15" timestamp="">
  
    <testcase name="login atlas" classname="atlaslogin" time="10.15" assertions="1">  <failure message="Timed out while waiting for element &lt;a[name=external_login_button]&gt; to be present for 10000 milliseconds. - expected [0;32m&#34;visible&#34;[0m but got: [0;31m&#34;not found&#34;[0m">    at Object.login atlas (/Users/gowdham/Documents/Node/nightwatchautomation/tests/atlaslogin.js:9:10)
    at process._tickCallback (internal/process/next_tick.js:68:7)</failure>

    <failure message="    at Object.login atlas (/Users/gowdham/Documents/Node/nightwatchautomation/tests/atlaslogin.js:9:10)">    at process._tickCallback (internal/process/next_tick.js:68:7)</failure>
    </testcase>
  

  

  
    
    <testcase
      name="enter userpassword" classname="atlaslogin">
      <skipped />
    </testcase>
    
    <testcase
      name="create Oppurtunity" classname="atlaslogin">
      <skipped />
    </testcase>
    
    <testcase
      name="form" classname="atlaslogin">
      <skipped />
    </testcase>
    
  
  </testsuite>
</testsuites>
