<?xml version="1.0" encoding="UTF-8" ?>
<testsuites errors="0"
            failures="1"
            tests="2">

  <testsuite name="OPPTY_CREATE"
    errors="0" failures="1" hostname="" id="" package="OPPTY_CREATE" skipped="0"
    tests="2" time="44.79" timestamp="">
  
    <testcase name="login_create" classname="OPPTY_CREATE" time="30.43" assertions="6">

    

    

    

    

    

    
    </testcase>
  
    <testcase name="Create_Oppty" classname="OPPTY_CREATE" time="14.36" assertions="4">

    

    

      <failure message="Timed out while waiting for element &lt;#drawers &gt; div &gt; div &gt; div.main-pane.span8 &gt; div.subpanels-layout.ui-sortable &gt; div &gt; ul &gt; li &gt; div.flex-list-view.right-actions.scroll-width &gt; div &gt; table &gt; tbody &gt; tr &gt; td:nth-child(7) &gt; span &gt; div &gt; a &gt;span:nth-child(1)&gt; to be present for 1500 milliseconds. - expected [0;32m&#34;visible&#34;[0m but got: [0;31m&#34;not found&#34;[0m">    at Object.click (/Users/gowdham/Documents/Node/DataFlowAutomation/utils/util.js:187:16)
    at Object.create_Oppty (/Users/gowdham/Documents/Node/DataFlowAutomation/utils/util.js:98:14)
    at Object.Create_Oppty (/Users/gowdham/Documents/Node/DataFlowAutomation/tests/OPPTY_CREATE.js:10:11)</failure>

    <failure message="    at Object.click (/Users/gowdham/Documents/Node/DataFlowAutomation/utils/util.js:187:16)">    at Object.create_Oppty (/Users/gowdham/Documents/Node/DataFlowAutomation/utils/util.js:98:14)
    at Object.Create_Oppty (/Users/gowdham/Documents/Node/DataFlowAutomation/tests/OPPTY_CREATE.js:10:11)</failure>
    </testcase>
  

  

  
  </testsuite>
</testsuites>
