<?xml version="1.0" encoding="UTF-8" ?>
<testsuites errors="0"
            failures="1"
            tests="2">

  <testsuite name="02TestCase"
    errors="0" failures="1" hostname="" id="" package="02TestCase" skipped="5"
    tests="2" time="35.45" timestamp="">
  
    <testcase name="View the created record and click on edit button_3" classname="02TestCase" time="32.33" assertions="3">

    

    

    
    </testcase>
  
    <testcase name="Select Lost sales stage and verify if Lost category is displayed_4" classname="02TestCase" time="3.121" assertions="1">  <failure message="Testing if attribute data-name of &lt;div[id^=panel_bodyview] &gt; div:nth-child(3) &gt; div:nth-child(2)&gt; contains &#34;lost_category_c&#34;. Element could not be located in 1000 ms. - expected [0;32m&#34;lost_category_c&#34;[0m but got: [0;31m&#34;null&#34;[0m">    at Object.Select Lost sales stage and verify if Lost category is displayed_4 (/Users/gowdham/Documents/Node/nightwatchautomation/tests/02TestCase.js:26:22)
    at process._tickCallback (internal/process/next_tick.js:68:7)</failure>

    <failure message="    at Object.Select Lost sales stage and verify if Lost category is displayed_4 (/Users/gowdham/Documents/Node/nightwatchautomation/tests/02TestCase.js:26:22)">    at process._tickCallback (internal/process/next_tick.js:68:7)</failure>
    </testcase>
  

  

  
    
    <testcase
      name="Click on the Lost category and verify_4" classname="02TestCase">
      <skipped />
    </testcase>
    
    <testcase
      name="verify if  Reason Lost field is displayed_4" classname="02TestCase">
      <skipped />
    </testcase>
    
    <testcase
      name="click save 1" classname="02TestCase">
      <skipped />
    </testcase>
    
    <testcase
      name="check 2" classname="02TestCase">
      <skipped />
    </testcase>
    
    <testcase
      name="logout" classname="02TestCase">
      <skipped />
    </testcase>
    
  
  </testsuite>
</testsuites>
