<?xml version="1.0" encoding="UTF-8" ?>
<testsuites errors="0"
            failures="1"
            tests="1">

  <testsuite name="myfirsttest"
    errors="0" failures="1" hostname="" id="" package="myfirsttest" skipped="0"
    tests="1" time="1.162" timestamp="">
  
    <testcase name="demo Test Google" classname="myfirsttest" time="1.162" assertions="1">  <failure message="Timed out while waiting for element &lt;body&gt; to be present for 1000 milliseconds. - expected [0;32m&#34;visible&#34;[0m but got: [0;31m&#34;not found&#34;[0m">    at Object.demo Test Google (/Users/gowdham/Documents/Node/nightwatchautomation/tests/myfirsttest.js:5:11)
    at process._tickCallback (internal/process/next_tick.js:68:7)</failure>

    <failure message="    at Object.demo Test Google (/Users/gowdham/Documents/Node/nightwatchautomation/tests/myfirsttest.js:5:11)">    at process._tickCallback (internal/process/next_tick.js:68:7)</failure>
    </testcase>
  

  

  
  </testsuite>
</testsuites>
